<?xml version="1.0" encoding="UTF-8"?>
<!-- Generated by org.testng.reporters.JUnitReportReporter -->
<testsuite hostname="DESKTOP-8C0RGIB" name="Cucumber_FW.Cucumber_FW.AppTest" tests="1" failures="0" timestamp="7 Apr 2019 17:53:50 GMT" time="0.002" errors="0">
  <testcase name="shouldAnswerWithTrue" time="0.002" classname="Cucumber_FW.Cucumber_FW.AppTest"/>
</testsuite> <!-- Cucumber_FW.Cucumber_FW.AppTest -->
